[03-25 04:38] => 2 Pegaxy window (s) found
[03-25 04:38] => ðŸ’« Pegaxy window[1] inicializado em: FINISHED
[03-25 04:38] => ðŸº Refresh Long timer.
[03-25 04:38] => ðŸ’« Pegaxy window[2] inicializado em: NOAVAILABLEPEGAS
[03-25 04:40] => ðŸŒ Refreshing browser!
[03-25 04:40] => ðŸŒ Refreshing browser!
[03-25 04:41] => ðŸº Refresh Long timer.
[03-25 04:42] => ðŸŒ Refreshing browser!
[03-25 04:43] => ðŸŒ Refreshing browser!
[03-25 04:43] => ðŸº Refresh Long timer.
[03-25 04:45] => ðŸŒ Refreshing browser!
[03-25 04:45] => ðŸŒ Refreshing browser!
[03-25 04:46] => ðŸº Refresh Long timer.
[03-25 04:48] => ðŸŒ Refreshing browser!
[03-25 04:48] => ðŸŒ Refreshing browser!
[03-25 04:48] => ðŸº Refresh Long timer.
[03-25 04:50] => ðŸŒ Refreshing browser!
[03-25 04:51] => ðŸŒ Refreshing browser!
[03-25 04:51] => ðŸº Refresh Long timer.
[03-25 04:53] => ðŸŒ Refreshing browser!
[03-25 04:53] => ðŸŒ Refreshing browser!
[03-25 04:54] => ðŸº Refresh Long timer.
[03-25 04:55] => ðŸŒ Refreshing browser!
[03-25 04:56] => ðŸŒ Refreshing browser!
[03-25 04:56] => ðŸº Refresh Long timer.
[03-25 04:58] => ðŸŒ Refreshing browser!
[03-25 04:58] => ðŸŒ Refreshing browser!
[03-25 04:59] => ðŸº Refresh Long timer.
[03-25 05:01] => ðŸŒ Refreshing browser!
[03-25 05:01] => ðŸŒ Refreshing browser!
[03-25 05:01] => ðŸº Refresh Long timer.
[03-25 05:03] => ðŸŒ Refreshing browser!
[03-25 05:04] => ðŸŒ Refreshing browser!
[03-25 05:04] => ðŸº Refresh Long timer.
[03-25 05:06] => ðŸŒ Refreshing browser!
[03-25 05:06] => ðŸŒ Refreshing browser!
[03-25 05:07] => ðŸº Refresh Long timer.
[03-25 05:09] => ðŸŒ Refreshing browser!
[03-25 05:09] => ðŸŒ Refreshing browser!
[03-25 05:09] => ðŸº Refresh Long timer.
[03-25 05:11] => ðŸŒ Refreshing browser!
[03-25 05:11] => ðŸŒ Refreshing browser!
[03-25 05:12] => ðŸº Refresh Long timer.
[03-25 05:14] => ðŸŒ Refreshing browser!
[03-25 05:14] => ðŸŒ Refreshing browser!
[03-25 05:14] => ðŸº Refresh Long timer.
[03-25 05:16] => ðŸŒ Refreshing browser!
[03-25 05:17] => ðŸŒ Refreshing browser!
[03-25 05:17] => ðŸº Refresh Long timer.
[03-25 05:19] => ðŸŒ Refreshing browser!
[03-25 05:19] => ðŸŒ Refreshing browser!
[03-25 05:20] => ðŸº Refresh Long timer.
[03-25 05:22] => ðŸŒ Refreshing browser!
[03-25 05:22] => ðŸŒ Refreshing browser!
[03-25 05:22] => ðŸº Refresh Long timer.
[03-25 05:24] => ðŸŒ Refreshing browser!
[03-25 05:25] => ðŸŒ Refreshing browser!
[03-25 05:25] => ðŸº Refresh Long timer.
[03-25 05:27] => ðŸŒ Refreshing browser!
[03-25 05:27] => ðŸŒ Refreshing browser!
[03-25 05:28] => ðŸº Refresh Long timer.
[03-25 05:29] => ðŸŒ Refreshing browser!
[03-25 05:30] => ðŸŒ Refreshing browser!
[03-25 05:30] => ðŸº Refresh Long timer.
[03-25 05:32] => ðŸŒ Refreshing browser!
[03-25 05:32] => ðŸŒ Refreshing browser!
[03-25 05:33] => ðŸº Refresh Long timer.
[03-25 05:35] => ðŸŒ Refreshing browser!
[03-25 05:35] => ðŸŒ Refreshing browser!
[03-25 05:35] => ðŸº Refresh Long timer.
[03-25 05:37] => ðŸŒ Refreshing browser!
[03-25 05:38] => ðŸŒ Refreshing browser!
[03-25 05:38] => ðŸº Refresh Long timer.
[03-25 05:40] => ðŸŒ Refreshing browser!
[03-25 05:40] => ðŸŒ Refreshing browser!
[03-25 05:41] => ðŸº Refresh Long timer.
[03-25 05:43] => ðŸŒ Refreshing browser!
[03-25 05:43] => ðŸŒ Refreshing browser!
[03-25 05:43] => ðŸº Refresh Long timer.
[03-25 05:45] => ðŸŒ Refreshing browser!
[03-25 05:46] => ðŸŒ Refreshing browser!
[03-25 05:46] => ðŸº Refresh Long timer.
[03-25 05:48] => ðŸŒ Refreshing browser!
[03-25 05:48] => ðŸŒ Refreshing browser!
[03-25 05:48] => ðŸº Refresh Long timer.
[03-25 05:50] => ðŸŒ Refreshing browser!
[03-25 05:51] => ðŸŒ Refreshing browser!
[03-25 05:51] => ðŸº Refresh Long timer.
[03-25 05:53] => ðŸŒ Refreshing browser!
[03-25 05:53] => ðŸŒ Refreshing browser!
[03-25 05:54] => ðŸº Refresh Long timer.
[03-25 05:56] => ðŸŒ Refreshing browser!
[03-25 05:56] => ðŸŒ Refreshing browser!
[03-25 05:56] => ðŸº Refresh Long timer.
[03-25 05:58] => ðŸŒ Refreshing browser!
[03-25 05:59] => ðŸŒ Refreshing browser!
[03-25 05:59] => ðŸº Refresh Long timer.
[03-25 06:01] => ðŸŒ Refreshing browser!
[03-25 06:01] => ðŸŒ Refreshing browser!
[03-25 06:02] => ðŸº Refresh Long timer.
[03-25 06:03] => ðŸŒ Refreshing browser!
[03-25 06:04] => ðŸŒ Refreshing browser!
[03-25 06:04] => ðŸº Refresh Long timer.
[03-25 06:06] => ðŸŒ Refreshing browser!
[03-25 06:06] => ðŸŒ Refreshing browser!
[03-25 06:07] => ðŸº Refresh Long timer.
[03-25 06:09] => ðŸŒ Refreshing browser!
[03-25 06:09] => ðŸŒ Refreshing browser!
[03-25 06:09] => ðŸº Refresh Long timer.
[03-25 06:11] => ðŸŒ Refreshing browser!
[03-25 06:12] => ðŸŒ Refreshing browser!
[03-25 06:12] => ðŸº Refresh Long timer.
[03-25 06:14] => ðŸŒ Refreshing browser!
[03-25 06:14] => ðŸŒ Refreshing browser!
[03-25 06:15] => ðŸº Refresh Long timer.
[03-25 06:16] => ðŸŒ Refreshing browser!
[03-25 06:17] => ðŸŒ Refreshing browser!
[03-25 06:17] => ðŸº Refresh Long timer.
[03-25 06:19] => ðŸŒ Refreshing browser!
[03-25 06:19] => ðŸŒ Refreshing browser!
[03-25 06:20] => ðŸº Refresh Long timer.
[03-25 06:22] => ðŸŒ Refreshing browser!
[03-25 06:22] => ðŸŒ Refreshing browser!
[03-25 06:22] => ðŸº Refresh Long timer.
[03-25 06:24] => ðŸŒ Refreshing browser!
[03-25 06:25] => ðŸŒ Refreshing browser!
[03-25 06:25] => ðŸº Refresh Long timer.
[03-25 06:27] => ðŸŒ Refreshing browser!
[03-25 06:27] => ðŸŒ Refreshing browser!
[03-25 06:28] => ðŸº Refresh Long timer.
[03-25 06:29] => ðŸŒ Refreshing browser!
[03-25 06:30] => ðŸŒ Refreshing browser!
[03-25 06:30] => ðŸº Refresh Long timer.
[03-25 06:32] => ðŸŒ Refreshing browser!
[03-25 06:32] => ðŸŒ Refreshing browser!
[03-25 06:33] => ðŸº Refresh Long timer.
[03-25 06:35] => ðŸŒ Refreshing browser!
[03-25 06:35] => ðŸŒ Refreshing browser!
[03-25 06:35] => ðŸº Refresh Long timer.
[03-25 06:37] => ðŸŒ Refreshing browser!
[03-25 06:38] => ðŸŒ Refreshing browser!
[03-25 06:38] => ðŸº Refresh Long timer.
[03-25 06:40] => ðŸŒ Refreshing browser!
[03-25 06:40] => ðŸŒ Refreshing browser!
[03-25 06:41] => ðŸº Refresh Long timer.
[03-25 06:42] => ðŸŒ Refreshing browser!
[03-25 06:43] => ðŸŒ Refreshing browser!
[03-25 06:43] => ðŸº Refresh Long timer.
[03-25 06:45] => ðŸŒ Refreshing browser!
[03-25 06:45] => ðŸŒ Refreshing browser!
[03-25 06:46] => ðŸº Refresh Long timer.
[03-25 06:48] => ðŸŒ Refreshing browser!
[03-25 06:48] => ðŸŒ Refreshing browser!
[03-25 06:48] => ðŸº Refresh Long timer.
[03-25 06:50] => ðŸŒ Refreshing browser!
[03-25 06:51] => ðŸŒ Refreshing browser!
[03-25 06:51] => ðŸº Refresh Long timer.
[03-25 06:53] => ðŸŒ Refreshing browser!
[03-25 06:53] => ðŸŒ Refreshing browser!
[03-25 06:54] => ðŸº Refresh Long timer.
[03-25 06:55] => ðŸŒ Refreshing browser!
[03-25 06:56] => ðŸŒ Refreshing browser!
[03-25 06:56] => ðŸº Refresh Long timer.
[03-25 06:58] => ðŸŒ Refreshing browser!
[03-25 06:58] => ðŸŒ Refreshing browser!
[03-25 06:59] => ðŸº Refresh Long timer.
[03-25 07:01] => ðŸŒ Refreshing browser!
[03-25 07:01] => ðŸŒ Refreshing browser!
[03-25 07:01] => ðŸº Refresh Long timer.
[03-25 07:03] => ðŸŒ Refreshing browser!
[03-25 07:04] => ðŸŒ Refreshing browser!
[03-25 07:04] => ðŸº Refresh Long timer.
[03-25 07:06] => ðŸŒ Refreshing browser!
[03-25 07:06] => ðŸŒ Refreshing browser!
[03-25 07:07] => ðŸº Refresh Long timer.
[03-25 07:08] => ðŸŒ Refreshing browser!
[03-25 07:09] => ðŸŒ Refreshing browser!
[03-25 07:09] => ðŸº Refresh Long timer.
[03-25 07:11] => ðŸŒ Refreshing browser!
[03-25 07:11] => ðŸŒ Refreshing browser!
[03-25 07:12] => ðŸº Refresh Long timer.
[03-25 07:14] => ðŸŒ Refreshing browser!
[03-25 07:14] => ðŸŒ Refreshing browser!
[03-25 07:14] => ðŸº Refresh Long timer.
[03-25 07:16] => ðŸŒ Refreshing browser!
[03-25 07:17] => ðŸŒ Refreshing browser!
[03-25 07:17] => ðŸº Refresh Long timer.
[03-25 07:19] => ðŸŒ Refreshing browser!
[03-25 07:19] => ðŸŒ Refreshing browser!
[03-25 07:20] => ðŸº Refresh Long timer.
[03-25 07:21] => ðŸŒ Refreshing browser!
[03-25 07:22] => ðŸŒ Refreshing browser!
[03-25 07:22] => ðŸº Refresh Long timer.
[03-25 07:24] => ðŸŒ Refreshing browser!
[03-25 07:24] => ðŸŒ Refreshing browser!
[03-25 07:25] => ðŸº Refresh Long timer.
[03-25 07:27] => ðŸŒ Refreshing browser!
[03-25 07:27] => ðŸŒ Refreshing browser!
[03-25 07:27] => ðŸº Refresh Long timer.
[03-25 07:29] => ðŸŒ Refreshing browser!
[03-25 07:30] => ðŸŒ Refreshing browser!
[03-25 07:30] => ðŸº Refresh Long timer.
[03-25 07:32] => ðŸŒ Refreshing browser!
[03-25 07:32] => ðŸŒ Refreshing browser!
[03-25 07:33] => ðŸº Refresh Long timer.
[03-25 07:34] => ðŸŒ Refreshing browser!
[03-25 07:35] => ðŸŒ Refreshing browser!
[03-25 07:35] => ðŸº Refresh Long timer.
[03-25 07:37] => ðŸŒ Refreshing browser!
[03-25 07:37] => ðŸŒ Refreshing browser!
[03-25 07:38] => ðŸº Refresh Long timer.
[03-25 07:40] => ðŸŒ Refreshing browser!
[03-25 07:40] => ðŸŒ Refreshing browser!
[03-25 07:40] => ðŸº Refresh Long timer.
[03-25 07:42] => ðŸŒ Refreshing browser!
[03-25 07:43] => ðŸŒ Refreshing browser!
[03-25 07:43] => ðŸº Refresh Long timer.
[03-25 07:45] => ðŸŒ Refreshing browser!
[03-25 07:45] => ðŸŒ Refreshing browser!
[03-25 07:46] => ðŸº Refresh Long timer.
[03-25 07:48] => ðŸŒ Refreshing browser!
[03-25 07:48] => ðŸŒ Refreshing browser!
[03-25 07:48] => ðŸº Refresh Long timer.
[03-25 07:50] => ðŸŒ Refreshing browser!
[03-25 07:50] => ðŸŒ Refreshing browser!
[03-25 07:51] => ðŸº Refresh Long timer.
[03-25 07:53] => ðŸŒ Refreshing browser!
[03-25 07:53] => ðŸŒ Refreshing browser!
[03-25 07:53] => ðŸº Refresh Long timer.
[03-25 07:55] => ðŸŒ Refreshing browser!
[03-25 07:56] => ðŸŒ Refreshing browser!
[03-25 07:56] => ðŸº Refresh Long timer.
[03-25 07:58] => ðŸŒ Refreshing browser!
[03-25 07:58] => ðŸŒ Refreshing browser!
[03-25 07:59] => ðŸº Refresh Long timer.
[03-25 08:01] => ðŸŒ Refreshing browser!
[03-25 08:01] => ðŸŒ Refreshing browser!
[03-25 08:01] => ðŸº Refresh Long timer.
[03-25 08:03] => ðŸŒ Refreshing browser!
[03-25 08:04] => ðŸŒ Refreshing browser!
[03-25 08:04] => ðŸº Refresh Long timer.
[03-25 08:06] => ðŸŒ Refreshing browser!
[03-25 08:06] => ðŸŒ Refreshing browser!
[03-25 08:07] => ðŸº Refresh Long timer.
[03-25 08:08] => ðŸŒ Refreshing browser!
[03-25 08:09] => ðŸŒ Refreshing browser!
[03-25 08:09] => ðŸº Refresh Long timer.
[03-25 08:11] => ðŸŒ Refreshing browser!
[03-25 08:11] => ðŸŒ Refreshing browser!
[03-25 08:12] => ðŸº Refresh Long timer.
[03-25 08:14] => ðŸŒ Refreshing browser!
[03-25 08:14] => ðŸŒ Refreshing browser!
[03-25 08:14] => ðŸº Refresh Long timer.
[03-25 08:16] => ðŸŒ Refreshing browser!
[03-25 08:17] => ðŸŒ Refreshing browser!
[03-25 08:17] => ðŸº Refresh Long timer.
[03-25 08:19] => ðŸŒ Refreshing browser!
[03-25 08:19] => ðŸŒ Refreshing browser!
[03-25 08:20] => ðŸº Refresh Long timer.
[03-25 08:21] => ðŸŒ Refreshing browser!
[03-25 08:22] => ðŸŒ Refreshing browser!
[03-25 08:22] => ðŸº Refresh Long timer.
[03-25 08:24] => ðŸŒ Refreshing browser!
[03-25 08:24] => ðŸŒ Refreshing browser!
[03-25 08:25] => ðŸº Refresh Long timer.
[03-25 08:27] => ðŸŒ Refreshing browser!
[03-25 08:27] => ðŸŒ Refreshing browser!
[03-25 08:27] => ðŸº Refresh Long timer.
[03-25 08:29] => ðŸŒ Refreshing browser!
[03-25 08:30] => ðŸŒ Refreshing browser!
[03-25 08:30] => ðŸº Refresh Long timer.
[03-25 08:32] => ðŸŒ Refreshing browser!
[03-25 08:32] => ðŸŒ Refreshing browser!
[03-25 08:33] => ðŸº Refresh Long timer.
[03-25 08:34] => ðŸŒ Refreshing browser!
[03-25 08:35] => ðŸŒ Refreshing browser!
[03-25 08:35] => ðŸº Refresh Long timer.
[03-25 08:37] => ðŸŒ Refreshing browser!
[03-25 08:37] => ðŸŒ Refreshing browser!
[03-25 08:38] => ðŸº Refresh Long timer.
[03-25 08:40] => ðŸŒ Refreshing browser!
[03-25 08:40] => ðŸŒ Refreshing browser!
[03-25 08:40] => ðŸº Refresh Long timer.
[03-25 08:42] => ðŸŒ Refreshing browser!
[03-25 08:43] => ðŸŒ Refreshing browser!
[03-25 08:43] => ðŸº Refresh Long timer.
[03-25 08:45] => ðŸŒ Refreshing browser!
[03-25 08:45] => ðŸŒ Refreshing browser!
[03-25 08:46] => ðŸº Refresh Long timer.
[03-25 08:48] => ðŸŒ Refreshing browser!
[03-25 08:48] => ðŸŒ Refreshing browser!
[03-25 08:48] => ðŸº Refresh Long timer.
[03-25 08:50] => ðŸŒ Refreshing browser!
[03-25 08:50] => ðŸŒ Refreshing browser!
[03-25 08:51] => ðŸº Refresh Long timer.
[03-25 08:53] => ðŸŒ Refreshing browser!
[03-25 08:53] => ðŸŒ Refreshing browser!
[03-25 08:53] => ðŸº Refresh Long timer.
[03-25 08:55] => ðŸŒ Refreshing browser!
[03-25 08:56] => ðŸŒ Refreshing browser!
[03-25 08:56] => ðŸº Refresh Long timer.
[03-25 08:58] => ðŸŒ Refreshing browser!
[03-25 08:58] => ðŸŒ Refreshing browser!
[03-25 08:59] => ðŸº Refresh Long timer.
[03-25 09:01] => ðŸŒ Refreshing browser!
[03-25 09:01] => ðŸŒ Refreshing browser!
[03-25 09:01] => ðŸº Refresh Long timer.
[03-25 09:03] => ðŸŒ Refreshing browser!
[03-25 09:03] => ðŸŒ Refreshing browser!
[03-25 09:04] => ðŸº Refresh Long timer.
[03-25 09:06] => ðŸŒ Refreshing browser!
[03-25 09:06] => ðŸŒ Refreshing browser!
[03-25 09:06] => ðŸº Refresh Long timer.
[03-25 09:08] => ðŸŒ Refreshing browser!
[03-25 09:09] => ðŸŒ Refreshing browser!
[03-25 09:09] => ðŸº Refresh Long timer.
[03-25 09:11] => ðŸŒ Refreshing browser!
[03-25 09:11] => ðŸŒ Refreshing browser!
[03-25 09:12] => ðŸº Refresh Long timer.
[03-25 09:14] => ðŸŒ Refreshing browser!
[03-25 09:14] => ðŸŒ Refreshing browser!
[03-25 09:14] => ðŸº Refresh Long timer.
[03-25 09:16] => ðŸŒ Refreshing browser!
[03-25 09:17] => ðŸŒ Refreshing browser!
[03-25 09:17] => ðŸº Refresh Long timer.
[03-25 09:19] => ðŸŒ Refreshing browser!
[03-25 09:19] => ðŸŒ Refreshing browser!
[03-25 09:20] => ðŸº Refresh Long timer.
[03-25 09:21] => ðŸŒ Refreshing browser!
[03-25 09:22] => ðŸŒ Refreshing browser!
[03-25 09:22] => ðŸº Refresh Long timer.
[03-25 09:24] => ðŸŒ Refreshing browser!
[03-25 09:24] => ðŸŒ Refreshing browser!
[03-25 09:25] => ðŸº Refresh Long timer.
[03-25 09:27] => ðŸŒ Refreshing browser!
[03-25 09:27] => ðŸŒ Refreshing browser!
[03-25 09:27] => ðŸº Refresh Long timer.
[03-25 09:29] => ðŸŒ Refreshing browser!
[03-25 09:30] => ðŸŒ Refreshing browser!
[03-25 09:30] => ðŸº Refresh Long timer.
[03-25 09:32] => ðŸŒ Refreshing browser!
[03-25 09:32] => ðŸŒ Refreshing browser!
[03-25 09:33] => ðŸº Refresh Long timer.
[03-25 09:34] => ðŸŒ Refreshing browser!
[03-25 09:35] => ðŸŒ Refreshing browser!
[03-25 09:35] => ðŸº Refresh Long timer.
[03-25 09:37] => ðŸŒ Refreshing browser!
[03-25 09:37] => ðŸŒ Refreshing browser!
[03-25 09:38] => ðŸº Refresh Long timer.
[03-25 09:40] => ðŸŒ Refreshing browser!
[03-25 09:40] => ðŸŒ Refreshing browser!
[03-25 09:40] => ðŸº Refresh Long timer.
[03-25 09:42] => ðŸŒ Refreshing browser!
[03-25 09:43] => ðŸŒ Refreshing browser!
[03-25 09:43] => ðŸº Refresh Long timer.
[03-25 09:45] => ðŸŒ Refreshing browser!
[03-25 09:45] => ðŸŒ Refreshing browser!
[03-25 09:46] => ðŸº Refresh Long timer.
[03-25 09:48] => ðŸŒ Refreshing browser!
[03-25 09:48] => ðŸŒ Refreshing browser!
[03-25 09:48] => ðŸº Refresh Long timer.
[03-25 09:49] => ðŸŒ Refreshing browser!
[03-25 09:50] => ðŸº Refresh Long timer.
[03-25 09:50] => ðŸŒ Refreshing browser!
[03-25 09:50] => ðŸº Refresh Long timer.
[03-25 09:51] => ðŸŒ Refreshing browser!
[03-25 09:51] => ðŸŒ Refreshing browser!
[03-25 09:51] => ðŸº Refresh Long timer.
[03-25 09:51] => ðŸŒ Refreshing browser!
[03-25 09:52] => ðŸŒ Refreshing browser!
[03-25 09:52] => ðŸº Refresh Long timer.
[03-25 09:52] => ðŸŒ Refreshing browser!
[03-25 09:53] => ðŸŒ Refreshing browser!
[03-25 09:55] => 2 Pegaxy window (s) found
[03-25 09:56] => 2 Pegaxy window (s) found
[03-26 19:57] => 1 Pegaxy window (s) found
[03-26 20:30] => 1 Pegaxy window (s) found
[03-26 20:34] => 1 Pegaxy window (s) found
[03-26 20:35] => 1 Pegaxy window (s) found
[03-26 20:38] => 1 Pegaxy window (s) found
[03-26 20:38] => 1 Pegaxy window (s) found
[03-26 20:38] => 1 Pegaxy window (s) found
[03-26 20:51] => 1 Pegaxy window (s) found
[03-26 20:52] => 1 Pegaxy window (s) found
[03-26 20:52] => 1 Pegaxy window (s) found
[03-26 20:55] => 1 Pegaxy window (s) found
[03-26 20:56] => 1 Pegaxy window (s) found
[03-26 20:57] => 1 Pegaxy window (s) found
[03-26 20:59] => 1 Pegaxy window (s) found
[03-26 20:59] => 1 Pegaxy window (s) found
[03-26 21:01] => 1 Pegaxy window (s) found
[03-26 21:02] => 1 Pegaxy window (s) found
[03-26 21:11] => 1 Pegaxy window (s) found
[03-26 21:11] => 1 Pegaxy window (s) found
[03-26 21:13] => 1 Pegaxy window (s) found
[03-26 21:15] => 1 Pegaxy window (s) found
[03-26 21:15] => 1 Pegaxy window (s) found
[03-26 21:17] => 1 Pegaxy window (s) found
[03-26 21:22] => 1 Pegaxy window (s) found
[03-26 21:22] => 1 Pegaxy window (s) found
[03-26 21:24] => 1 Pegaxy window (s) found
[03-26 21:27] => 1 Pegaxy window (s) found
[03-26 21:45] => 1 Pegaxy window (s) found
[03-26 21:46] => 1 Pegaxy window (s) found
[03-26 21:47] => 1 Pegaxy window (s) found
